2015-08-09 20:39:11.549000: Successful login stavan.karia@gmail.com
2015-08-09 23:14:17.580000: Modified test with code = Code-124 by stavan.karia@gmail.com
2015-08-09 23:14:25.819000: Modified test with code = Code-123 by stavan.karia@gmail.com
2015-08-10 23:27:23.344000: Deleted test with code = Code-123 by stavan.karia@gmail.com
2015-08-10 23:27:26.884000: Deleted test with code = Code-124 by stavan.karia@gmail.com
2015-08-13 19:13:08.171000: Created patient with name = Stavan and ref_no = asfasd233 by stavan.karia@gmail.com
2015-08-13 19:22:57.067000: Modified patient with id = 1 and name = Stavan by stavan.karia@gmail.com
2015-08-13 19:24:46.498000: Modified patient with id = 1 and name = Stavan by stavan.karia@gmail.com
2015-08-14 20:41:52.224000: Created test with code = code123 by stavan.karia@gmail.com
2015-08-14 20:55:33.730000: Created patient with name = tako and ref_no = jdslfksjdlk by stavan.karia@gmail.com
2015-08-14 21:44:58.878000: Created user with id = karia@gmail.com by stavan.karia@gmail.com
2015-08-14 21:45:23.621000: Made changes to roles of karia@gmail.com by stavan.karia@gmail.com
2015-08-14 21:45:41.849000: Successful login karia@gmail.com
2015-08-14 21:47:21.111000: Successful login karia@gmail.com
2015-08-15 10:20:45.346000: Created role hecker by karia@gmail.com
2015-08-16 10:23:42.414000: Successful login stavan.karia@gmail.com
2015-08-16 21:32:37.382000: Deleted role admin by stavan.karia@gmail.com
2015-08-16 21:32:50.377000: Created role hecka by stavan.karia@gmail.com
2015-08-16 21:38:14.763000: Modified role hecka by stavan.karia@gmail.com
2015-08-16 21:40:59.362000: Made changes to roles of nikita@g.com by stavan.karia@gmail.com
2015-08-16 21:44:27.499000: Made changes to roles of nikita@g.com by stavan.karia@gmail.com
2015-08-16 21:47:41.063000: Deleted role Registration 2 by stavan.karia@gmail.com
2015-08-16 21:48:47.309000: Modified role hecka by stavan.karia@gmail.com
2015-08-16 21:54:34.795000: Modified role cheker2 by stavan.karia@gmail.com
2015-08-16 21:54:40.281000: Modified role cheker2 by stavan.karia@gmail.com
2015-08-16 21:54:43.316000: Deleted role hecka by stavan.karia@gmail.com
2015-08-16 21:56:40.376000: Created patient with name = hjhl and ref_no = jlkjj345 by stavan.karia@gmail.com
2015-08-16 22:19:29.688000: Created test with code = code by stavan.karia@gmail.com
2015-08-16 22:20:59.414000: Deleted test with code = code by stavan.karia@gmail.com
2015-08-16 22:21:15.684000: Created test with code = Code-123 by stavan.karia@gmail.com
2015-08-16 22:23:25.254000: Deleted test with code = Code-123 by stavan.karia@gmail.com
2015-08-16 22:23:39.704000: Created test with code = lkajkal by stavan.karia@gmail.com
2015-08-16 22:26:06.308000: Deleted test with code = lkajkal by stavan.karia@gmail.com
2015-08-16 22:26:16.084000: Created test with code = jkldjfklj by stavan.karia@gmail.com
2015-08-16 22:26:23.698000: Modified test with code = jkldjfklj by stavan.karia@gmail.com
2015-08-16 22:27:14.807000: Modified test with code = jkldjfklj by stavan.karia@gmail.com
2015-08-16 22:28:12.186000: Modified test with code = jkldjfklj by stavan.karia@gmail.com
2015-08-16 22:28:32.748000: Modified test with code = jkldjfklj by stavan.karia@gmail.com
2015-08-16 22:29:04.438000: Modified test with code = jkldjfklj by stavan.karia@gmail.com
2015-08-16 22:29:19.205000: Modified test with code = jkldjfklj by stavan.karia@gmail.com
2015-08-16 22:56:50.050000: Modified test with code = jkldjfklj by stavan.karia@gmail.com
2015-08-16 22:57:42.936000: Created test with code = jksdjf;j by stavan.karia@gmail.com
2015-08-16 22:59:23.218000: Created test with code = k'k';' by stavan.karia@gmail.com
2015-08-16 23:00:30.042000: Deleted test with code = jksdjf;j by stavan.karia@gmail.com
2015-08-16 23:00:32.614000: Deleted test with code = jkldjfklj by stavan.karia@gmail.com
2015-08-16 23:00:34.686000: Deleted test with code = k'k';' by stavan.karia@gmail.com
2015-08-16 23:00:49.903000: Created test with code = k;lk;lk by stavan.karia@gmail.com
2015-08-16 23:01:18.935000: Deleted test with code = k;lk;lk by stavan.karia@gmail.com
2015-08-16 23:01:32.668000: Created test with code = l;kl;k;l by stavan.karia@gmail.com
2015-08-16 23:02:01.593000: Modified test with code = l;kl;k;l by stavan.karia@gmail.com
2015-08-16 23:02:08.211000: Modified test with code = l;kl;k;l by stavan.karia@gmail.com
2015-08-16 23:02:34.401000: Modified test with code = l;kl;k;l by stavan.karia@gmail.com
2015-08-16 23:02:56.669000: Modified test with code = l;kl;k;l by stavan.karia@gmail.com
2015-08-16 23:03:13.408000: Modified test with code = l;kl;k;l by stavan.karia@gmail.com
2015-08-16 23:03:47.988000: Modified test with code = l;kl;k;l by stavan.karia@gmail.com
2015-08-16 23:05:04.717000: Modified test with code = l;kl;k;l by stavan.karia@gmail.com
2015-08-16 23:05:09.812000: Modified test with code = l;kl;k;l by stavan.karia@gmail.com
2015-08-16 23:05:16.247000: Modified test with code = l;kl;k;l by stavan.karia@gmail.com
2015-08-16 23:05:20.954000: Modified test with code = l;kl;k;l by stavan.karia@gmail.com
2015-08-16 23:06:08.416000: Deleted test with code = l;kl;k;l by stavan.karia@gmail.com
2015-08-16 23:06:18.649000: Created test with code = uiyuyi by stavan.karia@gmail.com
2015-08-16 23:08:34.018000: Created test with code = ghghjgkh by stavan.karia@gmail.com
2015-08-16 23:09:03.255000: Created test with code = giuguollk by stavan.karia@gmail.com
2015-08-16 23:09:22.678000: Modified test with code = ghghjgkh by stavan.karia@gmail.com
2015-08-16 23:22:10.544000: Deleted role cheker2 by stavan.karia@gmail.com
2015-08-16 23:33:30.099000: Created role fole by stavan.karia@gmail.com
2015-08-16 23:37:06.640000: Created role fole by stavan.karia@gmail.com
2015-08-16 23:37:48.996000: Created role hole by stavan.karia@gmail.com
2015-08-16 23:38:15.095000: Deleted role fole by stavan.karia@gmail.com
2015-08-23 10:25:21.600000: Successful login stavan.karia@gmail.com
2015-08-23 10:47:40.181000: Made changes to roles of check@gmail.com by stavan.karia@gmail.com
2015-08-23 10:47:45.030000: Made changes to roles of karia@gmail.com by stavan.karia@gmail.com
2015-08-23 10:59:25.998000: Deleted role hecker by stavan.karia@gmail.com
2015-08-23 11:02:17.150000: Made changes to roles of karia@gmail.com by stavan.karia@gmail.com
2015-08-23 11:02:22.245000: Made changes to roles of nikita@g.com by stavan.karia@gmail.com
2015-08-23 11:02:37.030000: Created role top by stavan.karia@gmail.com
2015-08-23 11:02:52.947000: Made changes to roles of check@gmail.com by stavan.karia@gmail.com
2015-08-23 11:03:24.411000: Deleted role top by stavan.karia@gmail.com
2015-08-23 11:18:44.769000: Successful login stavan.karia@gmail.com
2015-08-23 11:19:16.475000: Successful login stavan.karia@gmail.com
2015-08-23 11:20:07.620000: Successful login stavan.karia@gmail.com
2015-08-23 11:23:40.741000: Created user with id = stavan.karia2@gmail.com by stavan.karia@gmail.com
2015-08-23 11:24:01.256000: Successful login stavan.karia2@gmail.com
2015-08-23 11:25:09.022000: Successful login stavan.karia2@gmail.com
2015-08-23 11:26:07.185000: Successful login stavan.karia2@gmail.com
2015-08-23 11:26:28.576000: Modified role hole by stavan.karia2@gmail.com
2015-08-23 11:26:51.742000: Login failure stavan.karia2@gmail.com
2015-08-23 11:27:03.408000: Successful login stavan.karia2@gmail.com
2015-08-23 11:27:58.693000: Created role nope by stavan.karia2@gmail.com
2015-08-23 11:28:08.529000: Made changes to roles of stavan.karia2@gmail.com by stavan.karia2@gmail.com
2015-08-23 11:28:20.034000: Successful login stavan.karia2@gmail.com
2015-08-23 11:33:27.976000: Successful login stavan.karia2@gmail.com
2015-08-23 11:34:19.721000: Successful login stavan.karia2@gmail.com
2015-08-23 11:35:05.252000: Successful login stavan.karia2@gmail.com
2015-08-23 11:36:06.837000: Successful login stavan.karia2@gmail.com
2015-08-23 11:38:35.692000: Successful login stavan.karia2@gmail.com
2015-08-23 19:46:42.431000: Successful login stavan.karia2@gmail.com
2015-08-23 19:46:50.027000: Made changes to roles of check@gmail.com by stavan.karia2@gmail.com
2015-08-23 19:52:07.349000: Made changes to roles of karia@gmail.com by stavan.karia2@gmail.com
2015-08-23 19:58:21.136000: Made changes to roles of nikita@g.com by stavan.karia2@gmail.com
2015-08-23 20:01:17.223000: Successful login stavan.karia2@gmail.com
2015-08-23 20:02:02.311000: Successful login stavan.karia2@gmail.com
2015-08-23 20:03:58.844000: Successful login stavan.karia2@gmail.com
2015-08-23 20:06:02.249000: Successful login stavan.karia2@gmail.com
2015-08-23 20:08:40.783000: Successful login stavan.karia2@gmail.com
2015-08-23 20:12:52.026000: Successful login stavan.karia2@gmail.com
2015-08-23 20:14:25.263000: Successful login stavan.karia2@gmail.com
2015-08-23 20:22:02.893000: Successful login stavan.karia2@gmail.com
2015-08-23 20:23:53.786000: Successful login stavan.karia2@gmail.com
2015-08-23 20:36:59.228000: Modified role nope by stavan.karia2@gmail.com
2015-08-23 20:37:11.437000: Successful login stavan.karia2@gmail.com
2015-08-23 20:37:56.880000: Successful login stavan.karia2@gmail.com
2015-08-23 20:39:25.971000: Successful login stavan.karia2@gmail.com
2015-08-23 20:39:45.474000: Successful login stavan.karia2@gmail.com
2015-08-23 20:41:28.645000: Successful login stavan.karia2@gmail.com
2015-08-23 20:41:59.873000: Successful login stavan.karia2@gmail.com
2015-08-23 20:42:16.834000: Modified role nope by stavan.karia2@gmail.com
2015-08-23 20:42:33.168000: Successful login stavan.karia2@gmail.com
2015-08-23 20:55:18.449000: Successful login stavan.karia2@gmail.com
2015-08-23 20:57:06.462000: Successful login stavan.karia2@gmail.com
2015-08-23 21:00:22.044000: Successful login stavan.karia2@gmail.com
2015-08-23 21:02:37.730000: Successful login stavan.karia2@gmail.com
2015-08-24 11:11:58.633000: Successful login stavan.karia2@gmail.com
2015-08-24 11:12:58.165000: Modified role hole by stavan.karia2@gmail.com
2015-08-24 11:13:12.273000: Successful login stavan.karia2@gmail.com
2015-08-24 11:25:24.033000: Modified role hole by stavan.karia2@gmail.com
2015-08-24 11:25:34.582000: Successful login stavan.karia2@gmail.com
2015-08-24 11:27:59.779000: Successful login stavan.karia2@gmail.com
2015-08-24 11:28:14.118000: Modified role hole by stavan.karia2@gmail.com
2015-08-24 11:28:24.010000: Successful login stavan.karia2@gmail.com
2015-08-24 13:59:06.036000: Successful login stavan.karia2@gmail.com
2015-08-24 13:59:27.247000: Modified role nope by stavan.karia2@gmail.com
2015-08-24 14:00:48.562000: Modified role nope by stavan.karia2@gmail.com
2015-08-24 14:08:11.152000: Modified role nope by stavan.karia2@gmail.com
2015-08-24 14:16:26.644000: Successful login stavan.karia2@gmail.com
2015-08-24 14:16:41.696000: Modified role nope by stavan.karia2@gmail.com
2015-08-24 14:21:50.534000: Successful login stavan.karia2@gmail.com
2015-08-24 14:23:05.286000: Modified role hole by stavan.karia2@gmail.com
2015-08-24 14:23:21.915000: Modified role nope by stavan.karia2@gmail.com
2015-08-24 14:26:56.393000: Successful login stavan.karia2@gmail.com
2015-08-24 14:27:40.622000: Modified role hole by stavan.karia2@gmail.com
2015-08-24 14:27:59.222000: Modified role hole by stavan.karia2@gmail.com
2015-08-24 14:28:20.894000: Modified role nope by stavan.karia2@gmail.com
2015-08-24 14:28:36.373000: Modified role nope by stavan.karia2@gmail.com
2015-08-24 14:28:44.812000: Modified role nope by stavan.karia2@gmail.com
2015-08-24 14:28:59.654000: Modified role nope by stavan.karia2@gmail.com
2015-08-24 14:29:16.130000: Modified role nope by stavan.karia2@gmail.com
2015-08-24 14:31:40.233000: Modified role hole by stavan.karia2@gmail.com
2015-08-24 14:55:05.638000: Modified role nope by stavan.karia2@gmail.com
2015-08-24 18:38:09.198000: Modified role hole by stavan.karia2@gmail.com
2015-08-24 18:38:41.720000: Modified patient with id = 3 and name = hjhl by stavan.karia2@gmail.com
2015-08-24 18:38:53.348000: Modified patient with id = 1 and name = Stavan by stavan.karia2@gmail.com
2015-08-24 18:39:55.783000: Modified role nope by stavan.karia2@gmail.com
2015-08-24 19:32:13.987000: Login failure stavan.karia2@gmail.com
2015-08-24 19:32:20.593000: Successful login stavan.karia2@gmail.com
2015-08-24 19:35:03.524000: Modified role nope by stavan.karia2@gmail.com
2015-08-24 19:35:49.501000: Modified role hole by stavan.karia2@gmail.com
2015-08-24 19:36:49.836000: Modified role nope by stavan.karia2@gmail.com
2015-08-24 19:38:54.219000: Modified role nope by stavan.karia2@gmail.com
2015-08-24 19:39:14.335000: Modified role nope by stavan.karia2@gmail.com
2015-08-24 19:44:31.340000: Modified role hole by stavan.karia2@gmail.com
2015-08-26 21:56:07.101000: Successful login stavan.karia2@gmail.com
2015-08-26 21:56:47.911000: Created test with code = codecheck by stavan.karia2@gmail.com
2015-09-01 17:49:56.350000: Successful login stavan.karia@gmail.com
2015-09-01 18:35:18.807000: Created test with code = jj by stavan.karia@gmail.com
2015-09-01 18:36:05.194000: Modified test with code = jj by stavan.karia@gmail.com
2015-09-01 18:36:16.521000: Modified test with code = jj by stavan.karia@gmail.com
2015-09-01 18:36:21.371000: Modified test with code = jj by stavan.karia@gmail.com
2015-09-01 18:36:26.580000: Modified test with code = jj by stavan.karia@gmail.com
2015-09-01 18:36:32.352000: Modified test with code = jj by stavan.karia@gmail.com
2015-09-01 18:36:44.019000: Modified test with code = jj by stavan.karia@gmail.com
2015-09-01 18:47:29.615000: Modified test with code = jj by stavan.karia@gmail.com
2015-09-01 18:49:30.613000: Deleted test with code = jj by stavan.karia@gmail.com
2015-09-01 18:49:47.736000: Modified role admin by stavan.karia@gmail.com
2015-09-01 18:49:54.154000: Modified role admin by stavan.karia@gmail.com
2015-09-01 18:50:03.591000: Modified role admin by stavan.karia@gmail.com
2015-09-01 18:50:24.980000: Created test with code = kl; by stavan.karia@gmail.com
2015-09-01 18:50:46.516000: Modified role admin by stavan.karia@gmail.com
2015-09-01 18:50:52.095000: Deleted test with code = kl; by stavan.karia@gmail.com
2015-09-05 16:10:50.359000: Successful login stavan.karia@gmail.com
2015-09-05 16:11:13.386000: Created role jh jh by stavan.karia@gmail.com
2015-09-05 16:11:23.042000: Modified role jh jh by stavan.karia@gmail.com
2015-09-05 16:12:03.025000: Created user with id = stavan.karia2@gmail.com by stavan.karia@gmail.com
2015-09-05 16:18:23.941000: Created user with id = stavan.karia3@gmail.com by stavan.karia@gmail.com
2015-09-05 16:47:05.206000: Created patient with name = kj and ref_no = jl; by stavan.karia@gmail.com
2015-09-05 16:47:46.897000: Created patient with name = lkjlk and ref_no = kl;k by stavan.karia@gmail.com
2015-09-05 16:48:06.365000: Deleted patient with id = 4 and name = kj by stavan.karia@gmail.com
2015-09-05 16:50:43.993000: Created test with code = kl;k by stavan.karia@gmail.com
2015-09-05 16:56:42.167000: Modified patient with id = 5 and name = lkjlk by stavan.karia@gmail.com
2015-09-05 16:59:23.026000: Created patient with name = kljkjl; and ref_no = jklj by stavan.karia@gmail.com
2015-09-05 17:01:27.622000: Created patient with name = kl and ref_no = kl;k by stavan.karia@gmail.com
2015-09-05 17:05:59.956000: Login failure stavan.karia@gmail.com
2015-09-05 17:06:04.758000: Login failure stavan.karia@gmail.com
2015-09-05 17:06:10.464000: Successful login stavan.karia@gmail.com
2015-09-05 17:06:47.001000: Modified role admin by stavan.karia@gmail.com
2015-09-05 17:07:09.607000: Modified role admin by stavan.karia@gmail.com
2015-09-05 17:07:29.825000: Modified test with code = kl;k by stavan.karia@gmail.com
2015-09-05 17:08:19.975000: Created test with code = jkj by stavan.karia@gmail.com
2015-09-05 17:08:47.667000: Created test with code = hklj by stavan.karia@gmail.com
2015-09-05 17:10:09.469000: Created role admin2 by stavan.karia@gmail.com
2015-09-05 17:11:15.235000: Modified role admin by stavan.karia@gmail.com
2015-09-05 17:11:37.934000: Modified role admin by stavan.karia@gmail.com
2015-09-05 17:12:16.843000: Modified role admin by stavan.karia@gmail.com
2015-09-05 17:12:31.895000: Modified role admin by stavan.karia@gmail.com
2015-09-05 17:12:38.985000: Made changes to roles of stavan.karia@gmail.com by stavan.karia@gmail.com
2015-09-05 17:21:24.305000: Removed user stavan.karia2@gmail.com by stavan.karia@gmail.com
2015-09-05 17:21:59.822000: Modified role admin by stavan.karia@gmail.com
2015-09-05 17:24:54.538000: Modified role admin by stavan.karia@gmail.com
2015-09-05 17:35:01.567000: Modified role admin by stavan.karia@gmail.com
2015-09-05 17:38:12.730000: Successful login stavan.karia@gmail.com
2015-09-05 17:38:21.294000: Successful login stavan.karia@gmail.com
2015-09-05 17:39:28.266000: Successful login stavan.karia@gmail.com
2015-09-05 17:40:14.362000: Successful login stavan.karia@gmail.com
2015-09-05 17:42:23.787000: Successful login stavan.karia@gmail.com
2015-09-05 17:42:48.528000: Successful login stavan.karia@gmail.com
2015-09-05 17:43:58.185000: Successful login stavan.karia@gmail.com
2015-09-05 17:53:33.750000: Successful login stavan.karia@gmail.com
2015-09-05 18:13:56.569000: stavan.karia@gmail.com tried to access Tests
2015-09-05 18:14:26.794000: Successful login stavan.karia@gmail.com
2015-09-05 18:14:38.091000: Modified role admin by stavan.karia@gmail.com
2015-09-05 18:16:50.704000: Modified role admin2 by stavan.karia@gmail.com
2015-09-05 18:42:30.572000: Created user with id = stavan.karia2@gmail.com by stavan.karia@gmail.com
2015-09-05 18:42:55.103000: Modified role jh jh by stavan.karia@gmail.com
2015-09-05 18:52:44.052000: Created role check by stavan.karia@gmail.com
2015-09-05 19:05:14.420000: Made changes to roles of stavan.karia2@gmail.com by stavan.karia@gmail.com
2015-09-05 19:06:52.888000: Made changes to roles of stavan.karia@gmail.com by stavan.karia@gmail.com
2015-09-05 19:07:26.460000: Made changes to roles of stavan.karia@gmail.com by stavan.karia@gmail.com
2015-09-05 19:08:14.987000: Made changes to roles of stavan.karia@gmail.com by stavan.karia@gmail.com
2015-09-05 19:08:50.205000: Made changes to roles of stavan.karia@gmail.com by stavan.karia@gmail.com
2015-09-05 19:09:53.484000: Made changes to roles of stavan.karia@gmail.com by stavan.karia@gmail.com
2015-09-05 19:17:29.192000: Created user with id = stavan.karia2@gmail.com by stavan.karia@gmail.com
2015-09-05 19:17:35.686000: Made changes to roles of stavan.karia2@gmail.com by stavan.karia@gmail.com
2015-09-05 19:18:23.846000: Created user with id = stavan.karia2@gmail.com by stavan.karia@gmail.com
2015-09-05 19:18:30.670000: Removed user stavan.karia2@gmail.com by stavan.karia@gmail.com
2015-09-05 19:19:28.909000: Deleted role check by stavan.karia@gmail.com
2015-09-05 19:27:14.563000: Login failure stavan.karia@gmail.com
2015-09-05 19:27:19.931000: Successful login stavan.karia@gmail.com
2015-09-05 19:31:52.089000: Login failure stavan.karia@gmail.com
2015-09-05 19:31:58.673000: Login failure stavan.karia@gmail.com
2015-09-05 19:32:02.894000: Successful login stavan.karia@gmail.com
2015-09-05 19:34:01.388000: Modified patient with id = 6 and name = kljkjl; by stavan.karia@gmail.com
2015-09-10 12:53:41.954000: Successful login stavan.karia@gmail.com
